_REQUEST:
action: export
resturl: https://develop.cupprint.com/api/
restuser: oliverlohkemper
Orders Total: 8
Exported File: ./export/export_30.csv
Start Order: 652
----------------------------------------
4oz Single Wall Cup PE Matt ( 6 )
----------------------------------------

Start Order: 654
----------------------------------------
4oz Single Wall Cup PE Matt ( 7 )
----------------------------------------

Start Order: 655
----------------------------------------
4oz Single Wall Cup PE Matt ( 7 )
----------------------------------------

Export over UI at 2019.09.20 12:19:48 - oliverlohkemper

Show Log at 2019.09.19 11:02:02 - oliverlohkemper
